<?xml version="1.0" encoding="UTF-8" ?>
<testsuite failures="0" time="0.321" errors="0" skipped="0" tests="6" name="picocash.model.impl.AccountTest">
  <properties>
[...]
</properties>
  <testcase time="0.178" classname="picocash.model.impl.AccountTest" name="testCreation"/>
  <testcase time="0" classname="picocash.model.impl.AccountTest" name="testSetStartBalance"/>
  <testcase time="0.005" classname="picocash.model.impl.AccountTest" name="addTransactions"/>
  <testcase time="0.001" classname="picocash.model.impl.AccountTest" name="deleteTransactions"/>
  <testcase time="0.001" classname="picocash.model.impl.AccountTest" name="changeTransactions"/>
  <testcase time="0.001" classname="picocash.model.impl.AccountTest" name="testEquals"/>
</testsuite>